2018-01-07 07:18:17 sell  0.00000192  400.00000000  0.00076800  0.00000115  0.00076685
2018-01-07 07:17:28 sell  0.00000192  500.00000000  0.00096000  0.00000144  0.00095856
2018-01-06 23:51:14 buy 0.00000162  230.16421819  0.00037287  0.00000056  0.00037343
2018-01-06 22:59:30 buy 0.00000155  300.00000000  0.00046500  0.00000070  0.00046570
2018-01-06 22:20:48 sell  0.00000187  400.00000000  0.00074800  0.00000112  0.00074688
2018-01-06 22:19:38 sell  0.00000189  203.23157895  0.00038411  0.00000058  0.00038353
2018-01-06 22:19:01 sell  0.00000189  396.76842105  0.00074989  0.00000112  0.00074877
2018-01-06 18:35:26 buy 0.00000140  600.00000000  0.00084000  0.00000126  0.00084126
2018-01-06 17:00:41 buy 0.00000169  400.00000000  0.00067600  0.00000101  0.00067701
2018-01-06 16:36:03 buy 0.00000163  400.00000000  0.00065200  0.00000098  0.00065298
2018-01-06 16:27:31 buy 0.00000191  400.00000000  0.00076400  0.00000115  0.00076515
2018-01-06 15:11:38 sell  0.00000220  500.00000000  0.00110000  0.00000165  0.00109835
2018-01-06 15:09:23 sell  0.00000210  500.00000000  0.00105000  0.00000158  0.00104842
2018-01-06 13:38:11 buy 0.00000189  400.00000000  0.00075600  0.00000113  0.00075713
2018-01-06 11:23:15 buy 0.00000190  400.00000000  0.00076000  0.00000114  0.00076114
2018-01-06 10:41:50 buy 0.00000190  300.00000000  0.00057000  0.00000086  0.00057086
2018-01-06 10:03:08 buy 0.00000190  300.00000000  0.00057000  0.00000086  0.00057086
2018-01-06 08:00:00 buy 0.00000230  400.00000000  0.00092000  0.00000138  0.00092138
2018-01-06 07:55:53 buy 0.00000230  988.63586021  0.00227386  0.00000341  0.00227727
2018-01-06 07:55:53 buy 0.00000220  11.36413979 0.00002500  0.00000004  0.00002504
2018-01-06 07:55:27 buy 0.00000220  200.00000000  0.00044000  0.00000066  0.00044066
2018-01-06 07:54:05 buy 0.00000220  1000.00000000 0.00220000  0.00000330  0.00220330
2018-01-06 00:29:06 sell  0.00000293  119.01965336  0.00034873  0.00000052  0.00034821
2018-01-06 00:29:00 sell  0.00000293  80.98034664 0.00023727  0.00000036  0.00023691
2018-01-05 23:44:01 sell  0.00000284  400.00000000  0.00113600  0.00000170  0.00113430
2018-01-05 23:43:50 sell  0.00000284  400.00000000  0.00113600  0.00000170  0.00113430
2018-01-05 23:28:21 buy 0.00000220  200.00000000  0.00044000  0.00000066  0.00044066
2018-01-05 23:28:05 buy 0.00000220  200.00000000  0.00044000  0.00000066  0.00044066
2018-01-05 16:10:57 sell  0.00000297  420.00000000  0.00124740  0.00000187  0.00124553
2018-01-05 16:05:36 sell  0.00000297  109.82980054  0.00032619  0.00000049  0.00032570
2018-01-05 16:05:36 sell  0.00000297  390.17019946  0.00115881  0.00000174  0.00115707
2018-01-05 10:26:30 buy 0.00000274  300.00000000  0.00082200  0.00000123  0.00082323
2018-01-05 10:00:31 buy 0.00000279  300.00000000  0.00083700  0.00000126  0.00083826
2018-01-05 03:35:35 sell  0.00000267  300.00000000  0.00080100  0.00000120  0.00079980
2018-01-05 00:38:54 buy 0.00000275  300.00000000  0.00082500  0.00000124  0.00082624
2018-01-04 23:11:42 buy 0.00000230  500.00000000  0.00115000  0.00000173  0.00115173
2018-01-04 21:40:27 buy 0.00000225  420.00000000  0.00094500  0.00000142  0.00094642